#
# A fatal error has been detected by the Java Runtime Environment:
#
#  SIGBUS (0xa) at pc=0x0000000112b6d7fe, pid=12901, tid=38403
#
# JRE version: OpenJDK Runtime Environment AdoptOpenJDK-16.0.1+9 (16.0.1+9) (build 16.0.1+9)
# Java VM: OpenJDK 64-Bit Server VM AdoptOpenJDK-16.0.1+9 (16.0.1+9, mixed mode, sharing, tiered, compressed oops, compressed class ptrs, g1 gc, bsd-amd64)
# Problematic frame:
# V  [libjvm.dylib+0xa477fe]  _ZN14NMethodSweeper14possibly_flushEP7nmethod+0x6e
#
# No core dump will be written. Core dumps have been disabled. To enable core dumping, try "ulimit -c unlimited" before starting Java again
#
# If you would like to submit a bug report, please visit:
#   https://github.com/AdoptOpenJDK/openjdk-support/issues
#

---------------  S U M M A R Y ------------

Command Line: --add-opens=java.base/java.io=org.jruby.dist --add-opens=java.base/java.nio.channels=org.jruby.dist --add-opens=java.base/sun.nio.ch=org.jruby.dist --add-opens=java.management/sun.management=org.jruby.dist -Xss2048k -Djffi.boot.library.path=/Users/user/.rvm/rubies/jruby-9.3.3.0/lib/jni -Djava.security.egd=file:/dev/urandom --module-path=/Users/user/.rvm/rubies/jruby-9.3.3.0/lib/jruby.jar -Djruby.home=/Users/user/.rvm/rubies/jruby-9.3.3.0 -Djruby.lib=/Users/user/.rvm/rubies/jruby-9.3.3.0/lib -Djruby.script=jruby -Djruby.shell=/bin/sh org.jruby.Main /Users/user/.rvm/gems/jruby-9.3.3.0/bin/rails credentials:edit

Host: MacBookAir10,1 x86_64 2400 MHz, 8 cores, 8G, Darwin 21.6.0, macOS 10.16 (21G115)
Time: Fri Dec 16 15:43:16 2022 IST elapsed time: 8.956282 seconds (0d 0h 0m 8s)

---------------  T H R E A D  ---------------

Current thread (0x00007fde4e812800):  JavaThread "Sweeper thread" daemon [_thread_in_vm, id=38403, stack(0x000000030e162000,0x000000030e362000)]

Stack: [0x000000030e162000,0x000000030e362000],  sp=0x000000030e361ca0,  free space=2047k
Native frames: (J=compiled Java code, A=aot compiled Java code, j=interpreted, Vv=VM code, C=native code)
V  [libjvm.dylib+0xa477fe]